<?xml version="1.0" encoding="UTF-8"?>
<testsuite name="WalletTest" tests="11" skipped="0" failures="0" errors="0" timestamp="2021-03-16T04:11:25" hostname="DESKTOP-AB0UK2U" time="0.034">
  <properties/>
  <testcase name="testWithdrawCurrencyAsDollars()" classname="WalletTest" time="0.019"/>
  <testcase name="testWithdrawCurrencyAsDollarsWhenInsuffientAmountOfDollars()" classname="WalletTest" time="0.0"/>
  <testcase name="testDepositCurrencyAsRupees()" classname="WalletTest" time="0.001"/>
  <testcase name="testCheckBalanceAsRupees()" classname="WalletTest" time="0.001"/>
  <testcase name="testWithdrawCurrencyAsRupees()" classname="WalletTest" time="0.0"/>
  <testcase name="testDepositCurrencyAsDollars()" classname="WalletTest" time="0.001"/>
  <testcase name="testThrowsExceptionWithdrawMoreThanBalance()" classname="WalletTest" time="0.002"/>
  <testcase name="testWithdrawCurrencyAsRupeesWhenInsuffientAmountOfRupees()" classname="WalletTest" time="0.0"/>
  <testcase name="testCheckBalanceAsDollars()" classname="WalletTest" time="0.001"/>
  <testcase name="testThrowsExceptionWithdrawZeroValuedCurrency()" classname="WalletTest" time="0.001"/>
  <testcase name="testThrowsExceptionDepositZeroValuedCurrency()" classname="WalletTest" time="0.001"/>
  <system-out><![CDATA[]]></system-out>
  <system-err><![CDATA[]]></system-err>
</testsuite>
